执行日期：2017-12-06-14：40：31
【接收到的notify通知】:
<xml><appid><![CDATA[wxd07982249e620b62]]></appid>
<bank_type><![CDATA[CFT]]></bank_type>
<cash_fee><![CDATA[1]]></cash_fee>
<fee_type><![CDATA[CNY]]></fee_type>
<is_subscribe><![CDATA[Y]]></is_subscribe>
<mch_id><![CDATA[1448415902]]></mch_id>
<nonce_str><![CDATA[u148cez9ug944nie6z3c7ol5qyrt207e]]></nonce_str>
<openid><![CDATA[oaeErwrhDqHdUNI3pYfGM9PkbVu0]]></openid>
<out_trade_no><![CDATA[20171206151254241655962]]></out_trade_no>
<result_code><![CDATA[SUCCESS]]></result_code>
<return_code><![CDATA[SUCCESS]]></return_code>
<sign><![CDATA[0F545748276F7612C2A62445B93918F6]]></sign>
<time_end><![CDATA[20171206144030]]></time_end>
<total_fee>1</total_fee>
<trade_type><![CDATA[NATIVE]]></trade_type>
<transaction_id><![CDATA[4200000027201712069451210163]]></transaction_id>
</xml>


执行日期：2017-12-06-14：40：31
【支付失败】:
<xml><appid><![CDATA[wxd07982249e620b62]]></appid>
<bank_type><![CDATA[CFT]]></bank_type>
<cash_fee><![CDATA[1]]></cash_fee>
<fee_type><![CDATA[CNY]]></fee_type>
<is_subscribe><![CDATA[Y]]></is_subscribe>
<mch_id><![CDATA[1448415902]]></mch_id>
<nonce_str><![CDATA[u148cez9ug944nie6z3c7ol5qyrt207e]]></nonce_str>
<openid><![CDATA[oaeErwrhDqHdUNI3pYfGM9PkbVu0]]></openid>
<out_trade_no><![CDATA[20171206151254241655962]]></out_trade_no>
<result_code><![CDATA[SUCCESS]]></result_code>
<return_code><![CDATA[SUCCESS]]></return_code>
<sign><![CDATA[0F545748276F7612C2A62445B93918F6]]></sign>
<time_end><![CDATA[20171206144030]]></time_end>
<total_fee>1</total_fee>
<trade_type><![CDATA[NATIVE]]></trade_type>
<transaction_id><![CDATA[4200000027201712069451210163]]></transaction_id>
</xml>


执行日期：2017-12-06-14：40：45
【接收到的notify通知】:
<xml><appid><![CDATA[wxd07982249e620b62]]></appid>
<bank_type><![CDATA[CFT]]></bank_type>
<cash_fee><![CDATA[1]]></cash_fee>
<fee_type><![CDATA[CNY]]></fee_type>
<is_subscribe><![CDATA[Y]]></is_subscribe>
<mch_id><![CDATA[1448415902]]></mch_id>
<nonce_str><![CDATA[u148cez9ug944nie6z3c7ol5qyrt207e]]></nonce_str>
<openid><![CDATA[oaeErwrhDqHdUNI3pYfGM9PkbVu0]]></openid>
<out_trade_no><![CDATA[20171206151254241655962]]></out_trade_no>
<result_code><![CDATA[SUCCESS]]></result_code>
<return_code><![CDATA[SUCCESS]]></return_code>
<sign><![CDATA[0F545748276F7612C2A62445B93918F6]]></sign>
<time_end><![CDATA[20171206144030]]></time_end>
<total_fee>1</total_fee>
<trade_type><![CDATA[NATIVE]]></trade_type>
<transaction_id><![CDATA[4200000027201712069451210163]]></transaction_id>
</xml>


执行日期：2017-12-06-14：40：45
【支付失败】:
<xml><appid><![CDATA[wxd07982249e620b62]]></appid>
<bank_type><![CDATA[CFT]]></bank_type>
<cash_fee><![CDATA[1]]></cash_fee>
<fee_type><![CDATA[CNY]]></fee_type>
<is_subscribe><![CDATA[Y]]></is_subscribe>
<mch_id><![CDATA[1448415902]]></mch_id>
<nonce_str><![CDATA[u148cez9ug944nie6z3c7ol5qyrt207e]]></nonce_str>
<openid><![CDATA[oaeErwrhDqHdUNI3pYfGM9PkbVu0]]></openid>
<out_trade_no><![CDATA[20171206151254241655962]]></out_trade_no>
<result_code><![CDATA[SUCCESS]]></result_code>
<return_code><![CDATA[SUCCESS]]></return_code>
<sign><![CDATA[0F545748276F7612C2A62445B93918F6]]></sign>
<time_end><![CDATA[20171206144030]]></time_end>
<total_fee>1</total_fee>
<trade_type><![CDATA[NATIVE]]></trade_type>
<transaction_id><![CDATA[4200000027201712069451210163]]></transaction_id>
</xml>


执行日期：2017-12-06-14：41：02
【接收到的notify通知】:
<xml><appid><![CDATA[wxd07982249e620b62]]></appid>
<bank_type><![CDATA[CFT]]></bank_type>
<cash_fee><![CDATA[1]]></cash_fee>
<fee_type><![CDATA[CNY]]></fee_type>
<is_subscribe><![CDATA[Y]]></is_subscribe>
<mch_id><![CDATA[1448415902]]></mch_id>
<nonce_str><![CDATA[u148cez9ug944nie6z3c7ol5qyrt207e]]></nonce_str>
<openid><![CDATA[oaeErwrhDqHdUNI3pYfGM9PkbVu0]]></openid>
<out_trade_no><![CDATA[20171206151254241655962]]></out_trade_no>
<result_code><![CDATA[SUCCESS]]></result_code>
<return_code><![CDATA[SUCCESS]]></return_code>
<sign><![CDATA[0F545748276F7612C2A62445B93918F6]]></sign>
<time_end><![CDATA[20171206144030]]></time_end>
<total_fee>1</total_fee>
<trade_type><![CDATA[NATIVE]]></trade_type>
<transaction_id><![CDATA[4200000027201712069451210163]]></transaction_id>
</xml>


执行日期：2017-12-06-14：41：02
【支付失败】:
<xml><appid><![CDATA[wxd07982249e620b62]]></appid>
<bank_type><![CDATA[CFT]]></bank_type>
<cash_fee><![CDATA[1]]></cash_fee>
<fee_type><![CDATA[CNY]]></fee_type>
<is_subscribe><![CDATA[Y]]></is_subscribe>
<mch_id><![CDATA[1448415902]]></mch_id>
<nonce_str><![CDATA[u148cez9ug944nie6z3c7ol5qyrt207e]]></nonce_str>
<openid><![CDATA[oaeErwrhDqHdUNI3pYfGM9PkbVu0]]></openid>
<out_trade_no><![CDATA[20171206151254241655962]]></out_trade_no>
<result_code><![CDATA[SUCCESS]]></result_code>
<return_code><![CDATA[SUCCESS]]></return_code>
<sign><![CDATA[0F545748276F7612C2A62445B93918F6]]></sign>
<time_end><![CDATA[20171206144030]]></time_end>
<total_fee>1</total_fee>
<trade_type><![CDATA[NATIVE]]></trade_type>
<transaction_id><![CDATA[4200000027201712069451210163]]></transaction_id>
</xml>


执行日期：2017-12-06-14：41：36
【接收到的notify通知】:
<xml><appid><![CDATA[wxd07982249e620b62]]></appid>
<bank_type><![CDATA[CFT]]></bank_type>
<cash_fee><![CDATA[1]]></cash_fee>
<fee_type><![CDATA[CNY]]></fee_type>
<is_subscribe><![CDATA[Y]]></is_subscribe>
<mch_id><![CDATA[1448415902]]></mch_id>
<nonce_str><![CDATA[u148cez9ug944nie6z3c7ol5qyrt207e]]></nonce_str>
<openid><![CDATA[oaeErwrhDqHdUNI3pYfGM9PkbVu0]]></openid>
<out_trade_no><![CDATA[20171206151254241655962]]></out_trade_no>
<result_code><![CDATA[SUCCESS]]></result_code>
<return_code><![CDATA[SUCCESS]]></return_code>
<sign><![CDATA[0F545748276F7612C2A62445B93918F6]]></sign>
<time_end><![CDATA[20171206144030]]></time_end>
<total_fee>1</total_fee>
<trade_type><![CDATA[NATIVE]]></trade_type>
<transaction_id><![CDATA[4200000027201712069451210163]]></transaction_id>
</xml>


执行日期：2017-12-06-14：41：36
【支付失败】:
<xml><appid><![CDATA[wxd07982249e620b62]]></appid>
<bank_type><![CDATA[CFT]]></bank_type>
<cash_fee><![CDATA[1]]></cash_fee>
<fee_type><![CDATA[CNY]]></fee_type>
<is_subscribe><![CDATA[Y]]></is_subscribe>
<mch_id><![CDATA[1448415902]]></mch_id>
<nonce_str><![CDATA[u148cez9ug944nie6z3c7ol5qyrt207e]]></nonce_str>
<openid><![CDATA[oaeErwrhDqHdUNI3pYfGM9PkbVu0]]></openid>
<out_trade_no><![CDATA[20171206151254241655962]]></out_trade_no>
<result_code><![CDATA[SUCCESS]]></result_code>
<return_code><![CDATA[SUCCESS]]></return_code>
<sign><![CDATA[0F545748276F7612C2A62445B93918F6]]></sign>
<time_end><![CDATA[20171206144030]]></time_end>
<total_fee>1</total_fee>
<trade_type><![CDATA[NATIVE]]></trade_type>
<transaction_id><![CDATA[4200000027201712069451210163]]></transaction_id>
</xml>


执行日期：2017-12-06-14：43：59
【接收到的notify通知】:
<xml><appid><![CDATA[wxd07982249e620b62]]></appid>
<bank_type><![CDATA[CFT]]></bank_type>
<cash_fee><![CDATA[1]]></cash_fee>
<fee_type><![CDATA[CNY]]></fee_type>
<is_subscribe><![CDATA[Y]]></is_subscribe>
<mch_id><![CDATA[1448415902]]></mch_id>
<nonce_str><![CDATA[4t7668lfp25jyublddsfmzcvh4ahf9jk]]></nonce_str>
<openid><![CDATA[oaeErwrhDqHdUNI3pYfGM9PkbVu0]]></openid>
<out_trade_no><![CDATA[20171206151254262744222]]></out_trade_no>
<result_code><![CDATA[SUCCESS]]></result_code>
<return_code><![CDATA[SUCCESS]]></return_code>
<sign><![CDATA[EB42314E2A607219C37FBBF0CD8F4295]]></sign>
<time_end><![CDATA[20171206144358]]></time_end>
<total_fee>1</total_fee>
<trade_type><![CDATA[NATIVE]]></trade_type>
<transaction_id><![CDATA[4200000007201712069451375472]]></transaction_id>
</xml>


执行日期：2017-12-06-14：43：59
【支付失败】:
<xml><appid><![CDATA[wxd07982249e620b62]]></appid>
<bank_type><![CDATA[CFT]]></bank_type>
<cash_fee><![CDATA[1]]></cash_fee>
<fee_type><![CDATA[CNY]]></fee_type>
<is_subscribe><![CDATA[Y]]></is_subscribe>
<mch_id><![CDATA[1448415902]]></mch_id>
<nonce_str><![CDATA[4t7668lfp25jyublddsfmzcvh4ahf9jk]]></nonce_str>
<openid><![CDATA[oaeErwrhDqHdUNI3pYfGM9PkbVu0]]></openid>
<out_trade_no><![CDATA[20171206151254262744222]]></out_trade_no>
<result_code><![CDATA[SUCCESS]]></result_code>
<return_code><![CDATA[SUCCESS]]></return_code>
<sign><![CDATA[EB42314E2A607219C37FBBF0CD8F4295]]></sign>
<time_end><![CDATA[20171206144358]]></time_end>
<total_fee>1</total_fee>
<trade_type><![CDATA[NATIVE]]></trade_type>
<transaction_id><![CDATA[4200000007201712069451375472]]></transaction_id>
</xml>


执行日期：2017-12-06-14：44：14
【接收到的notify通知】:
<xml><appid><![CDATA[wxd07982249e620b62]]></appid>
<bank_type><![CDATA[CFT]]></bank_type>
<cash_fee><![CDATA[1]]></cash_fee>
<fee_type><![CDATA[CNY]]></fee_type>
<is_subscribe><![CDATA[Y]]></is_subscribe>
<mch_id><![CDATA[1448415902]]></mch_id>
<nonce_str><![CDATA[4t7668lfp25jyublddsfmzcvh4ahf9jk]]></nonce_str>
<openid><![CDATA[oaeErwrhDqHdUNI3pYfGM9PkbVu0]]></openid>
<out_trade_no><![CDATA[20171206151254262744222]]></out_trade_no>
<result_code><![CDATA[SUCCESS]]></result_code>
<return_code><![CDATA[SUCCESS]]></return_code>
<sign><![CDATA[EB42314E2A607219C37FBBF0CD8F4295]]></sign>
<time_end><![CDATA[20171206144358]]></time_end>
<total_fee>1</total_fee>
<trade_type><![CDATA[NATIVE]]></trade_type>
<transaction_id><![CDATA[4200000007201712069451375472]]></transaction_id>
</xml>


执行日期：2017-12-06-14：44：14
【支付失败】:
<xml><appid><![CDATA[wxd07982249e620b62]]></appid>
<bank_type><![CDATA[CFT]]></bank_type>
<cash_fee><![CDATA[1]]></cash_fee>
<fee_type><![CDATA[CNY]]></fee_type>
<is_subscribe><![CDATA[Y]]></is_subscribe>
<mch_id><![CDATA[1448415902]]></mch_id>
<nonce_str><![CDATA[4t7668lfp25jyublddsfmzcvh4ahf9jk]]></nonce_str>
<openid><![CDATA[oaeErwrhDqHdUNI3pYfGM9PkbVu0]]></openid>
<out_trade_no><![CDATA[20171206151254262744222]]></out_trade_no>
<result_code><![CDATA[SUCCESS]]></result_code>
<return_code><![CDATA[SUCCESS]]></return_code>
<sign><![CDATA[EB42314E2A607219C37FBBF0CD8F4295]]></sign>
<time_end><![CDATA[20171206144358]]></time_end>
<total_fee>1</total_fee>
<trade_type><![CDATA[NATIVE]]></trade_type>
<transaction_id><![CDATA[4200000007201712069451375472]]></transaction_id>
</xml>


执行日期：2017-12-06-14：44：32
【接收到的notify通知】:
<xml><appid><![CDATA[wxd07982249e620b62]]></appid>
<bank_type><![CDATA[CFT]]></bank_type>
<cash_fee><![CDATA[1]]></cash_fee>
<fee_type><![CDATA[CNY]]></fee_type>
<is_subscribe><![CDATA[Y]]></is_subscribe>
<mch_id><![CDATA[1448415902]]></mch_id>
<nonce_str><![CDATA[4t7668lfp25jyublddsfmzcvh4ahf9jk]]></nonce_str>
<openid><![CDATA[oaeErwrhDqHdUNI3pYfGM9PkbVu0]]></openid>
<out_trade_no><![CDATA[20171206151254262744222]]></out_trade_no>
<result_code><![CDATA[SUCCESS]]></result_code>
<return_code><![CDATA[SUCCESS]]></return_code>
<sign><![CDATA[EB42314E2A607219C37FBBF0CD8F4295]]></sign>
<time_end><![CDATA[20171206144358]]></time_end>
<total_fee>1</total_fee>
<trade_type><![CDATA[NATIVE]]></trade_type>
<transaction_id><![CDATA[4200000007201712069451375472]]></transaction_id>
</xml>


执行日期：2017-12-06-14：44：32
【支付失败】:
<xml><appid><![CDATA[wxd07982249e620b62]]></appid>
<bank_type><![CDATA[CFT]]></bank_type>
<cash_fee><![CDATA[1]]></cash_fee>
<fee_type><![CDATA[CNY]]></fee_type>
<is_subscribe><![CDATA[Y]]></is_subscribe>
<mch_id><![CDATA[1448415902]]></mch_id>
<nonce_str><![CDATA[4t7668lfp25jyublddsfmzcvh4ahf9jk]]></nonce_str>
<openid><![CDATA[oaeErwrhDqHdUNI3pYfGM9PkbVu0]]></openid>
<out_trade_no><![CDATA[20171206151254262744222]]></out_trade_no>
<result_code><![CDATA[SUCCESS]]></result_code>
<return_code><![CDATA[SUCCESS]]></return_code>
<sign><![CDATA[EB42314E2A607219C37FBBF0CD8F4295]]></sign>
<time_end><![CDATA[20171206144358]]></time_end>
<total_fee>1</total_fee>
<trade_type><![CDATA[NATIVE]]></trade_type>
<transaction_id><![CDATA[4200000007201712069451375472]]></transaction_id>
</xml>


执行日期：2017-12-06-14：44：37
【接收到的notify通知】:
<xml><appid><![CDATA[wxd07982249e620b62]]></appid>
<bank_type><![CDATA[CFT]]></bank_type>
<cash_fee><![CDATA[1]]></cash_fee>
<fee_type><![CDATA[CNY]]></fee_type>
<is_subscribe><![CDATA[Y]]></is_subscribe>
<mch_id><![CDATA[1448415902]]></mch_id>
<nonce_str><![CDATA[u148cez9ug944nie6z3c7ol5qyrt207e]]></nonce_str>
<openid><![CDATA[oaeErwrhDqHdUNI3pYfGM9PkbVu0]]></openid>
<out_trade_no><![CDATA[20171206151254241655962]]></out_trade_no>
<result_code><![CDATA[SUCCESS]]></result_code>
<return_code><![CDATA[SUCCESS]]></return_code>
<sign><![CDATA[0F545748276F7612C2A62445B93918F6]]></sign>
<time_end><![CDATA[20171206144030]]></time_end>
<total_fee>1</total_fee>
<trade_type><![CDATA[NATIVE]]></trade_type>
<transaction_id><![CDATA[4200000027201712069451210163]]></transaction_id>
</xml>


执行日期：2017-12-06-14：44：37
【支付失败】:
<xml><appid><![CDATA[wxd07982249e620b62]]></appid>
<bank_type><![CDATA[CFT]]></bank_type>
<cash_fee><![CDATA[1]]></cash_fee>
<fee_type><![CDATA[CNY]]></fee_type>
<is_subscribe><![CDATA[Y]]></is_subscribe>
<mch_id><![CDATA[1448415902]]></mch_id>
<nonce_str><![CDATA[u148cez9ug944nie6z3c7ol5qyrt207e]]></nonce_str>
<openid><![CDATA[oaeErwrhDqHdUNI3pYfGM9PkbVu0]]></openid>
<out_trade_no><![CDATA[20171206151254241655962]]></out_trade_no>
<result_code><![CDATA[SUCCESS]]></result_code>
<return_code><![CDATA[SUCCESS]]></return_code>
<sign><![CDATA[0F545748276F7612C2A62445B93918F6]]></sign>
<time_end><![CDATA[20171206144030]]></time_end>
<total_fee>1</total_fee>
<trade_type><![CDATA[NATIVE]]></trade_type>
<transaction_id><![CDATA[4200000027201712069451210163]]></transaction_id>
</xml>


执行日期：2017-12-06-14：45：04
【接收到的notify通知】:
<xml><appid><![CDATA[wxd07982249e620b62]]></appid>
<bank_type><![CDATA[CFT]]></bank_type>
<cash_fee><![CDATA[1]]></cash_fee>
<fee_type><![CDATA[CNY]]></fee_type>
<is_subscribe><![CDATA[Y]]></is_subscribe>
<mch_id><![CDATA[1448415902]]></mch_id>
<nonce_str><![CDATA[4t7668lfp25jyublddsfmzcvh4ahf9jk]]></nonce_str>
<openid><![CDATA[oaeErwrhDqHdUNI3pYfGM9PkbVu0]]></openid>
<out_trade_no><![CDATA[20171206151254262744222]]></out_trade_no>
<result_code><![CDATA[SUCCESS]]></result_code>
<return_code><![CDATA[SUCCESS]]></return_code>
<sign><![CDATA[EB42314E2A607219C37FBBF0CD8F4295]]></sign>
<time_end><![CDATA[20171206144358]]></time_end>
<total_fee>1</total_fee>
<trade_type><![CDATA[NATIVE]]></trade_type>
<transaction_id><![CDATA[4200000007201712069451375472]]></transaction_id>
</xml>


执行日期：2017-12-06-14：45：04
【支付失败】:
<xml><appid><![CDATA[wxd07982249e620b62]]></appid>
<bank_type><![CDATA[CFT]]></bank_type>
<cash_fee><![CDATA[1]]></cash_fee>
<fee_type><![CDATA[CNY]]></fee_type>
<is_subscribe><![CDATA[Y]]></is_subscribe>
<mch_id><![CDATA[1448415902]]></mch_id>
<nonce_str><![CDATA[4t7668lfp25jyublddsfmzcvh4ahf9jk]]></nonce_str>
<openid><![CDATA[oaeErwrhDqHdUNI3pYfGM9PkbVu0]]></openid>
<out_trade_no><![CDATA[20171206151254262744222]]></out_trade_no>
<result_code><![CDATA[SUCCESS]]></result_code>
<return_code><![CDATA[SUCCESS]]></return_code>
<sign><![CDATA[EB42314E2A607219C37FBBF0CD8F4295]]></sign>
<time_end><![CDATA[20171206144358]]></time_end>
<total_fee>1</total_fee>
<trade_type><![CDATA[NATIVE]]></trade_type>
<transaction_id><![CDATA[4200000007201712069451375472]]></transaction_id>
</xml>


执行日期：2017-12-06-14：48：07
【接收到的notify通知】:
<xml><appid><![CDATA[wxd07982249e620b62]]></appid>
<bank_type><![CDATA[CFT]]></bank_type>
<cash_fee><![CDATA[1]]></cash_fee>
<fee_type><![CDATA[CNY]]></fee_type>
<is_subscribe><![CDATA[Y]]></is_subscribe>
<mch_id><![CDATA[1448415902]]></mch_id>
<nonce_str><![CDATA[4t7668lfp25jyublddsfmzcvh4ahf9jk]]></nonce_str>
<openid><![CDATA[oaeErwrhDqHdUNI3pYfGM9PkbVu0]]></openid>
<out_trade_no><![CDATA[20171206151254262744222]]></out_trade_no>
<result_code><![CDATA[SUCCESS]]></result_code>
<return_code><![CDATA[SUCCESS]]></return_code>
<sign><![CDATA[EB42314E2A607219C37FBBF0CD8F4295]]></sign>
<time_end><![CDATA[20171206144358]]></time_end>
<total_fee>1</total_fee>
<trade_type><![CDATA[NATIVE]]></trade_type>
<transaction_id><![CDATA[4200000007201712069451375472]]></transaction_id>
</xml>


执行日期：2017-12-06-14：48：07
【支付失败】:
<xml><appid><![CDATA[wxd07982249e620b62]]></appid>
<bank_type><![CDATA[CFT]]></bank_type>
<cash_fee><![CDATA[1]]></cash_fee>
<fee_type><![CDATA[CNY]]></fee_type>
<is_subscribe><![CDATA[Y]]></is_subscribe>
<mch_id><![CDATA[1448415902]]></mch_id>
<nonce_str><![CDATA[4t7668lfp25jyublddsfmzcvh4ahf9jk]]></nonce_str>
<openid><![CDATA[oaeErwrhDqHdUNI3pYfGM9PkbVu0]]></openid>
<out_trade_no><![CDATA[20171206151254262744222]]></out_trade_no>
<result_code><![CDATA[SUCCESS]]></result_code>
<return_code><![CDATA[SUCCESS]]></return_code>
<sign><![CDATA[EB42314E2A607219C37FBBF0CD8F4295]]></sign>
<time_end><![CDATA[20171206144358]]></time_end>
<total_fee>1</total_fee>
<trade_type><![CDATA[NATIVE]]></trade_type>
<transaction_id><![CDATA[4200000007201712069451375472]]></transaction_id>
</xml>


执行日期：2017-12-06-15：02：00
【接收到的notify通知】:



执行日期：2017-12-06-15：02：00
【支付失败】:



执行日期：2017-12-06-15：02：33
【接收到的notify通知】:
<xml><appid><![CDATA[wxd07982249e620b62]]></appid>
<bank_type><![CDATA[CFT]]></bank_type>
<cash_fee><![CDATA[1]]></cash_fee>
<fee_type><![CDATA[CNY]]></fee_type>
<is_subscribe><![CDATA[Y]]></is_subscribe>
<mch_id><![CDATA[1448415902]]></mch_id>
<nonce_str><![CDATA[ba16zdn04rfbxguhjlut6hf8nz2wjn5s]]></nonce_str>
<openid><![CDATA[oaeErwrhDqHdUNI3pYfGM9PkbVu0]]></openid>
<out_trade_no><![CDATA[20171206151254374044012]]></out_trade_no>
<result_code><![CDATA[SUCCESS]]></result_code>
<return_code><![CDATA[SUCCESS]]></return_code>
<sign><![CDATA[4523CA99FE00A660C1BE1C8C095161E6]]></sign>
<time_end><![CDATA[20171206150233]]></time_end>
<total_fee>1</total_fee>
<trade_type><![CDATA[NATIVE]]></trade_type>
<transaction_id><![CDATA[4200000009201712069455654965]]></transaction_id>
</xml>


执行日期：2017-12-06-15：02：33
【支付成功】:
<xml><appid><![CDATA[wxd07982249e620b62]]></appid>
<bank_type><![CDATA[CFT]]></bank_type>
<cash_fee><![CDATA[1]]></cash_fee>
<fee_type><![CDATA[CNY]]></fee_type>
<is_subscribe><![CDATA[Y]]></is_subscribe>
<mch_id><![CDATA[1448415902]]></mch_id>
<nonce_str><![CDATA[ba16zdn04rfbxguhjlut6hf8nz2wjn5s]]></nonce_str>
<openid><![CDATA[oaeErwrhDqHdUNI3pYfGM9PkbVu0]]></openid>
<out_trade_no><![CDATA[20171206151254374044012]]></out_trade_no>
<result_code><![CDATA[SUCCESS]]></result_code>
<return_code><![CDATA[SUCCESS]]></return_code>
<sign><![CDATA[4523CA99FE00A660C1BE1C8C095161E6]]></sign>
<time_end><![CDATA[20171206150233]]></time_end>
<total_fee>1</total_fee>
<trade_type><![CDATA[NATIVE]]></trade_type>
<transaction_id><![CDATA[4200000009201712069455654965]]></transaction_id>
</xml>


执行日期：2017-12-06-15：05：20
【接收到的notify通知】:
<xml><appid><![CDATA[wxd07982249e620b62]]></appid>
<bank_type><![CDATA[CFT]]></bank_type>
<cash_fee><![CDATA[1]]></cash_fee>
<fee_type><![CDATA[CNY]]></fee_type>
<is_subscribe><![CDATA[Y]]></is_subscribe>
<mch_id><![CDATA[1448415902]]></mch_id>
<nonce_str><![CDATA[zcp2xd7txdkk0398ve7svgdprdbyi69g]]></nonce_str>
<openid><![CDATA[oaeErwrhDqHdUNI3pYfGM9PkbVu0]]></openid>
<out_trade_no><![CDATA[20171206151253282253924]]></out_trade_no>
<result_code><![CDATA[SUCCESS]]></result_code>
<return_code><![CDATA[SUCCESS]]></return_code>
<sign><![CDATA[7249C55E6549908E8CE49EE696CA501B]]></sign>
<time_end><![CDATA[20171206120103]]></time_end>
<total_fee>1</total_fee>
<trade_type><![CDATA[NATIVE]]></trade_type>
<transaction_id><![CDATA[4200000007201712069418101426]]></transaction_id>
</xml>


执行日期：2017-12-06-15：05：20
【支付成功】:
<xml><appid><![CDATA[wxd07982249e620b62]]></appid>
<bank_type><![CDATA[CFT]]></bank_type>
<cash_fee><![CDATA[1]]></cash_fee>
<fee_type><![CDATA[CNY]]></fee_type>
<is_subscribe><![CDATA[Y]]></is_subscribe>
<mch_id><![CDATA[1448415902]]></mch_id>
<nonce_str><![CDATA[zcp2xd7txdkk0398ve7svgdprdbyi69g]]></nonce_str>
<openid><![CDATA[oaeErwrhDqHdUNI3pYfGM9PkbVu0]]></openid>
<out_trade_no><![CDATA[20171206151253282253924]]></out_trade_no>
<result_code><![CDATA[SUCCESS]]></result_code>
<return_code><![CDATA[SUCCESS]]></return_code>
<sign><![CDATA[7249C55E6549908E8CE49EE696CA501B]]></sign>
<time_end><![CDATA[20171206120103]]></time_end>
<total_fee>1</total_fee>
<trade_type><![CDATA[NATIVE]]></trade_type>
<transaction_id><![CDATA[4200000007201712069418101426]]></transaction_id>
</xml>


执行日期：2017-12-06-15：07：27
【接收到的notify通知】:
<xml><appid><![CDATA[wxd07982249e620b62]]></appid>
<bank_type><![CDATA[CFT]]></bank_type>
<cash_fee><![CDATA[1]]></cash_fee>
<fee_type><![CDATA[CNY]]></fee_type>
<is_subscribe><![CDATA[Y]]></is_subscribe>
<mch_id><![CDATA[1448415902]]></mch_id>
<nonce_str><![CDATA[co2pjyl9lcn4zprq28stuaczrqukijhk]]></nonce_str>
<openid><![CDATA[oaeErwrhDqHdUNI3pYfGM9PkbVu0]]></openid>
<out_trade_no><![CDATA[20171206151254018574940]]></out_trade_no>
<result_code><![CDATA[SUCCESS]]></result_code>
<return_code><![CDATA[SUCCESS]]></return_code>
<sign><![CDATA[92D0DCB78974351D45B52DE43E72C895]]></sign>
<time_end><![CDATA[20171206140318]]></time_end>
<total_fee>1</total_fee>
<trade_type><![CDATA[NATIVE]]></trade_type>
<transaction_id><![CDATA[4200000016201712069448451505]]></transaction_id>
</xml>


执行日期：2017-12-06-15：07：27
【支付成功】:
<xml><appid><![CDATA[wxd07982249e620b62]]></appid>
<bank_type><![CDATA[CFT]]></bank_type>
<cash_fee><![CDATA[1]]></cash_fee>
<fee_type><![CDATA[CNY]]></fee_type>
<is_subscribe><![CDATA[Y]]></is_subscribe>
<mch_id><![CDATA[1448415902]]></mch_id>
<nonce_str><![CDATA[co2pjyl9lcn4zprq28stuaczrqukijhk]]></nonce_str>
<openid><![CDATA[oaeErwrhDqHdUNI3pYfGM9PkbVu0]]></openid>
<out_trade_no><![CDATA[20171206151254018574940]]></out_trade_no>
<result_code><![CDATA[SUCCESS]]></result_code>
<return_code><![CDATA[SUCCESS]]></return_code>
<sign><![CDATA[92D0DCB78974351D45B52DE43E72C895]]></sign>
<time_end><![CDATA[20171206140318]]></time_end>
<total_fee>1</total_fee>
<trade_type><![CDATA[NATIVE]]></trade_type>
<transaction_id><![CDATA[4200000016201712069448451505]]></transaction_id>
</xml>


执行日期：2017-12-06-15：07：52
【接收到的notify通知】:
<xml><appid><![CDATA[wxd07982249e620b62]]></appid>
<bank_type><![CDATA[CFT]]></bank_type>
<cash_fee><![CDATA[1]]></cash_fee>
<fee_type><![CDATA[CNY]]></fee_type>
<is_subscribe><![CDATA[Y]]></is_subscribe>
<mch_id><![CDATA[1448415902]]></mch_id>
<nonce_str><![CDATA[wafumpwk94i72q9yhhl4weaobkz2eaod]]></nonce_str>
<openid><![CDATA[oaeErwrhDqHdUNI3pYfGM9PkbVu0]]></openid>
<out_trade_no><![CDATA[20171206151254201075074]]></out_trade_no>
<result_code><![CDATA[SUCCESS]]></result_code>
<return_code><![CDATA[SUCCESS]]></return_code>
<sign><![CDATA[E48995DB27EA6AE2BFD8CB78CC848DE6]]></sign>
<time_end><![CDATA[20171206143340]]></time_end>
<total_fee>1</total_fee>
<trade_type><![CDATA[NATIVE]]></trade_type>
<transaction_id><![CDATA[4200000001201712069450989035]]></transaction_id>
</xml>


执行日期：2017-12-06-15：07：52
【支付成功】:
<xml><appid><![CDATA[wxd07982249e620b62]]></appid>
<bank_type><![CDATA[CFT]]></bank_type>
<cash_fee><![CDATA[1]]></cash_fee>
<fee_type><![CDATA[CNY]]></fee_type>
<is_subscribe><![CDATA[Y]]></is_subscribe>
<mch_id><![CDATA[1448415902]]></mch_id>
<nonce_str><![CDATA[wafumpwk94i72q9yhhl4weaobkz2eaod]]></nonce_str>
<openid><![CDATA[oaeErwrhDqHdUNI3pYfGM9PkbVu0]]></openid>
<out_trade_no><![CDATA[20171206151254201075074]]></out_trade_no>
<result_code><![CDATA[SUCCESS]]></result_code>
<return_code><![CDATA[SUCCESS]]></return_code>
<sign><![CDATA[E48995DB27EA6AE2BFD8CB78CC848DE6]]></sign>
<time_end><![CDATA[20171206143340]]></time_end>
<total_fee>1</total_fee>
<trade_type><![CDATA[NATIVE]]></trade_type>
<transaction_id><![CDATA[4200000001201712069450989035]]></transaction_id>
</xml>


执行日期：2017-12-06-15：13：32
【接收到的notify通知】:
<xml><appid><![CDATA[wxd07982249e620b62]]></appid>
<bank_type><![CDATA[CFT]]></bank_type>
<cash_fee><![CDATA[1]]></cash_fee>
<fee_type><![CDATA[CNY]]></fee_type>
<is_subscribe><![CDATA[Y]]></is_subscribe>
<mch_id><![CDATA[1448415902]]></mch_id>
<nonce_str><![CDATA[zaesbdyqog745du248hl0mcli5e5j2gv]]></nonce_str>
<openid><![CDATA[oaeErwtmFGIOlAxqqpFll8xr5dSg]]></openid>
<out_trade_no><![CDATA[20171206151254439027177]]></out_trade_no>
<result_code><![CDATA[SUCCESS]]></result_code>
<return_code><![CDATA[SUCCESS]]></return_code>
<sign><![CDATA[BA80BD53C47966EF4BDC3778BF8BCB87]]></sign>
<time_end><![CDATA[20171206151331]]></time_end>
<total_fee>1</total_fee>
<trade_type><![CDATA[NATIVE]]></trade_type>
<transaction_id><![CDATA[4200000012201712069458656063]]></transaction_id>
</xml>


执行日期：2017-12-06-15：13：32
【支付成功】:
<xml><appid><![CDATA[wxd07982249e620b62]]></appid>
<bank_type><![CDATA[CFT]]></bank_type>
<cash_fee><![CDATA[1]]></cash_fee>
<fee_type><![CDATA[CNY]]></fee_type>
<is_subscribe><![CDATA[Y]]></is_subscribe>
<mch_id><![CDATA[1448415902]]></mch_id>
<nonce_str><![CDATA[zaesbdyqog745du248hl0mcli5e5j2gv]]></nonce_str>
<openid><![CDATA[oaeErwtmFGIOlAxqqpFll8xr5dSg]]></openid>
<out_trade_no><![CDATA[20171206151254439027177]]></out_trade_no>
<result_code><![CDATA[SUCCESS]]></result_code>
<return_code><![CDATA[SUCCESS]]></return_code>
<sign><![CDATA[BA80BD53C47966EF4BDC3778BF8BCB87]]></sign>
<time_end><![CDATA[20171206151331]]></time_end>
<total_fee>1</total_fee>
<trade_type><![CDATA[NATIVE]]></trade_type>
<transaction_id><![CDATA[4200000012201712069458656063]]></transaction_id>
</xml>


执行日期：2017-12-06-15：14：38
【接收到的notify通知】:
<xml><appid><![CDATA[wxd07982249e620b62]]></appid>
<bank_type><![CDATA[CFT]]></bank_type>
<cash_fee><![CDATA[1]]></cash_fee>
<fee_type><![CDATA[CNY]]></fee_type>
<is_subscribe><![CDATA[Y]]></is_subscribe>
<mch_id><![CDATA[1448415902]]></mch_id>
<nonce_str><![CDATA[u148cez9ug944nie6z3c7ol5qyrt207e]]></nonce_str>
<openid><![CDATA[oaeErwrhDqHdUNI3pYfGM9PkbVu0]]></openid>
<out_trade_no><![CDATA[20171206151254241655962]]></out_trade_no>
<result_code><![CDATA[SUCCESS]]></result_code>
<return_code><![CDATA[SUCCESS]]></return_code>
<sign><![CDATA[0F545748276F7612C2A62445B93918F6]]></sign>
<time_end><![CDATA[20171206144030]]></time_end>
<total_fee>1</total_fee>
<trade_type><![CDATA[NATIVE]]></trade_type>
<transaction_id><![CDATA[4200000027201712069451210163]]></transaction_id>
</xml>


执行日期：2017-12-06-15：14：38
【支付成功】:
<xml><appid><![CDATA[wxd07982249e620b62]]></appid>
<bank_type><![CDATA[CFT]]></bank_type>
<cash_fee><![CDATA[1]]></cash_fee>
<fee_type><![CDATA[CNY]]></fee_type>
<is_subscribe><![CDATA[Y]]></is_subscribe>
<mch_id><![CDATA[1448415902]]></mch_id>
<nonce_str><![CDATA[u148cez9ug944nie6z3c7ol5qyrt207e]]></nonce_str>
<openid><![CDATA[oaeErwrhDqHdUNI3pYfGM9PkbVu0]]></openid>
<out_trade_no><![CDATA[20171206151254241655962]]></out_trade_no>
<result_code><![CDATA[SUCCESS]]></result_code>
<return_code><![CDATA[SUCCESS]]></return_code>
<sign><![CDATA[0F545748276F7612C2A62445B93918F6]]></sign>
<time_end><![CDATA[20171206144030]]></time_end>
<total_fee>1</total_fee>
<trade_type><![CDATA[NATIVE]]></trade_type>
<transaction_id><![CDATA[4200000027201712069451210163]]></transaction_id>
</xml>


执行日期：2017-12-06-15：18：09
【接收到的notify通知】:
<xml><appid><![CDATA[wxd07982249e620b62]]></appid>
<bank_type><![CDATA[CFT]]></bank_type>
<cash_fee><![CDATA[1]]></cash_fee>
<fee_type><![CDATA[CNY]]></fee_type>
<is_subscribe><![CDATA[Y]]></is_subscribe>
<mch_id><![CDATA[1448415902]]></mch_id>
<nonce_str><![CDATA[4t7668lfp25jyublddsfmzcvh4ahf9jk]]></nonce_str>
<openid><![CDATA[oaeErwrhDqHdUNI3pYfGM9PkbVu0]]></openid>
<out_trade_no><![CDATA[20171206151254262744222]]></out_trade_no>
<result_code><![CDATA[SUCCESS]]></result_code>
<return_code><![CDATA[SUCCESS]]></return_code>
<sign><![CDATA[EB42314E2A607219C37FBBF0CD8F4295]]></sign>
<time_end><![CDATA[20171206144358]]></time_end>
<total_fee>1</total_fee>
<trade_type><![CDATA[NATIVE]]></trade_type>
<transaction_id><![CDATA[4200000007201712069451375472]]></transaction_id>
</xml>


执行日期：2017-12-06-15：18：09
【支付成功】:
<xml><appid><![CDATA[wxd07982249e620b62]]></appid>
<bank_type><![CDATA[CFT]]></bank_type>
<cash_fee><![CDATA[1]]></cash_fee>
<fee_type><![CDATA[CNY]]></fee_type>
<is_subscribe><![CDATA[Y]]></is_subscribe>
<mch_id><![CDATA[1448415902]]></mch_id>
<nonce_str><![CDATA[4t7668lfp25jyublddsfmzcvh4ahf9jk]]></nonce_str>
<openid><![CDATA[oaeErwrhDqHdUNI3pYfGM9PkbVu0]]></openid>
<out_trade_no><![CDATA[20171206151254262744222]]></out_trade_no>
<result_code><![CDATA[SUCCESS]]></result_code>
<return_code><![CDATA[SUCCESS]]></return_code>
<sign><![CDATA[EB42314E2A607219C37FBBF0CD8F4295]]></sign>
<time_end><![CDATA[20171206144358]]></time_end>
<total_fee>1</total_fee>
<trade_type><![CDATA[NATIVE]]></trade_type>
<transaction_id><![CDATA[4200000007201712069451375472]]></transaction_id>
</xml>


执行日期：2017-12-06-15：36：25
【接收到的notify通知】:
<xml><appid><![CDATA[wxd07982249e620b62]]></appid>
<bank_type><![CDATA[CFT]]></bank_type>
<cash_fee><![CDATA[1]]></cash_fee>
<fee_type><![CDATA[CNY]]></fee_type>
<is_subscribe><![CDATA[Y]]></is_subscribe>
<mch_id><![CDATA[1448415902]]></mch_id>
<nonce_str><![CDATA[ba4aqwh8k3znt06svemsyqzlehyhgmoo]]></nonce_str>
<openid><![CDATA[oaeErwtmFGIOlAxqqpFll8xr5dSg]]></openid>
<out_trade_no><![CDATA[20171206151254576262494]]></out_trade_no>
<result_code><![CDATA[SUCCESS]]></result_code>
<return_code><![CDATA[SUCCESS]]></return_code>
<sign><![CDATA[A6D1E47E372B8E20DB52154F6BEDCDB8]]></sign>
<time_end><![CDATA[20171206153625]]></time_end>
<total_fee>1</total_fee>
<trade_type><![CDATA[NATIVE]]></trade_type>
<transaction_id><![CDATA[4200000011201712069461615401]]></transaction_id>
</xml>


执行日期：2017-12-06-15：36：25
【支付成功】:
<xml><appid><![CDATA[wxd07982249e620b62]]></appid>
<bank_type><![CDATA[CFT]]></bank_type>
<cash_fee><![CDATA[1]]></cash_fee>
<fee_type><![CDATA[CNY]]></fee_type>
<is_subscribe><![CDATA[Y]]></is_subscribe>
<mch_id><![CDATA[1448415902]]></mch_id>
<nonce_str><![CDATA[ba4aqwh8k3znt06svemsyqzlehyhgmoo]]></nonce_str>
<openid><![CDATA[oaeErwtmFGIOlAxqqpFll8xr5dSg]]></openid>
<out_trade_no><![CDATA[20171206151254576262494]]></out_trade_no>
<result_code><![CDATA[SUCCESS]]></result_code>
<return_code><![CDATA[SUCCESS]]></return_code>
<sign><![CDATA[A6D1E47E372B8E20DB52154F6BEDCDB8]]></sign>
<time_end><![CDATA[20171206153625]]></time_end>
<total_fee>1</total_fee>
<trade_type><![CDATA[NATIVE]]></trade_type>
<transaction_id><![CDATA[4200000011201712069461615401]]></transaction_id>
</xml>


执行日期：2017-12-06-15：39：34
【接收到的notify通知】:
<xml><appid><![CDATA[wxd07982249e620b62]]></appid>
<bank_type><![CDATA[CFT]]></bank_type>
<cash_fee><![CDATA[1]]></cash_fee>
<fee_type><![CDATA[CNY]]></fee_type>
<is_subscribe><![CDATA[Y]]></is_subscribe>
<mch_id><![CDATA[1448415902]]></mch_id>
<nonce_str><![CDATA[fd2xiol024o7rllzpfl10lrtg0lk3cqj]]></nonce_str>
<openid><![CDATA[oaeErwtmFGIOlAxqqpFll8xr5dSg]]></openid>
<out_trade_no><![CDATA[20171206151254595770911]]></out_trade_no>
<result_code><![CDATA[SUCCESS]]></result_code>
<return_code><![CDATA[SUCCESS]]></return_code>
<sign><![CDATA[2844336CCF107D35E56D38A07AFB3587]]></sign>
<time_end><![CDATA[20171206153934]]></time_end>
<total_fee>1</total_fee>
<trade_type><![CDATA[NATIVE]]></trade_type>
<transaction_id><![CDATA[4200000013201712069461704581]]></transaction_id>
</xml>


执行日期：2017-12-06-15：39：34
【支付成功】:
<xml><appid><![CDATA[wxd07982249e620b62]]></appid>
<bank_type><![CDATA[CFT]]></bank_type>
<cash_fee><![CDATA[1]]></cash_fee>
<fee_type><![CDATA[CNY]]></fee_type>
<is_subscribe><![CDATA[Y]]></is_subscribe>
<mch_id><![CDATA[1448415902]]></mch_id>
<nonce_str><![CDATA[fd2xiol024o7rllzpfl10lrtg0lk3cqj]]></nonce_str>
<openid><![CDATA[oaeErwtmFGIOlAxqqpFll8xr5dSg]]></openid>
<out_trade_no><![CDATA[20171206151254595770911]]></out_trade_no>
<result_code><![CDATA[SUCCESS]]></result_code>
<return_code><![CDATA[SUCCESS]]></return_code>
<sign><![CDATA[2844336CCF107D35E56D38A07AFB3587]]></sign>
<time_end><![CDATA[20171206153934]]></time_end>
<total_fee>1</total_fee>
<trade_type><![CDATA[NATIVE]]></trade_type>
<transaction_id><![CDATA[4200000013201712069461704581]]></transaction_id>
</xml>


